2024-02-04T00:14:20+00:00 CRITICAL Uncaught Error: Class "DOMDocument" not found in /var/www/html/wp-content/plugins/ti-woocommerce-wishlist/vendor/imangazaliev/didom/src/DiDom/Document.php:72
Stack trace:
#0 /var/www/html/wp-content/plugins/ti-woocommerce-wishlist/public/addtowishlist.class.php(1058): DiDom\Document->__construct()
#1 /var/www/html/wp-includes/class-wp-hook.php(324): TInvWL_Public_AddToWishlist->htmloutput_block()
#2 /var/www/html/wp-includes/plugin.php(205): WP_Hook->apply_filters()
#3 /var/www/html/wp-content/plugins/woocommerce/src/Blocks/BlockTypes/AbstractProductGrid.php(513): apply_filters()
#4 [internal function]: Automattic\WooCommerce\Blocks\BlockTypes\AbstractProductGrid->render_product()
#5 /var/www/html/wp-content/plugins/woocommerce/src/Blocks/BlockTypes/AbstractProductGrid.php(131): array_map()
#6 /var/www/html/wp-content/plugins/woocommerce/src/Blocks/BlockTypes/AbstractBlock.php(88): Automattic\WooCommerce\Blocks\BlockTypes\AbstractProductGrid->render()
#7 /var/www/html/wp-includes/class-wp-block.php(258): Automattic\WooCommerce\Blocks\BlockTypes\AbstractBlock->render_callback()
#8 /var/www/html/wp-includes/class-wp-block.php(244): WP_Block->render()
#9 /var/www/html/wp-includes/class-wp-block.php(244): WP_Block->render()
#10 /var/www/html/wp-includes/blocks.php(1484): WP_Block->render()
#11 /var/www/html/wp-includes/blocks.php(1522): render_block()
#12 /var/www/html/wp-includes/class-wp-hook.php(324): do_blocks()
#13 /var/www/html/wp-includes/plugin.php(205): WP_Hook->apply_filters()
#14 /var/www/html/wp-includes/rest-api/endpoints/class-wp-rest-posts-controller.php(1863): apply_filters()
#15 /var/www/html/wp-includes/rest-api/endpoints/class-wp-rest-posts-controller.php(569): WP_REST_Posts_Controller->prepare_item_for_response()
#16 /var/www/html/wp-includes/rest-api/class-wp-rest-server.php(1193): WP_REST_Posts_Controller->get_item()
#17 /var/www/html/wp-includes/rest-api/class-wp-rest-server.php(1041): WP_REST_Server->respond_to_request()
#18 /var/www/html/wp-includes/rest-api.php(551): WP_REST_Server->dispatch()
#19 /var/www/html/wp-includes/rest-api.php(2918): rest_do_request()
#20 [internal function]: rest_preload_api_request()
#21 /var/www/html/wp-includes/block-editor.php(753): array_reduce()
#22 /var/www/html/wp-admin/edit-form-blocks.php(77): block_editor_rest_api_preload()
#23 /var/www/html/wp-admin/post.php(187): require('...')
#24 {main}
  thrown in /var/www/html/wp-content/plugins/ti-woocommerce-wishlist/vendor/imangazaliev/didom/src/DiDom/Document.php on line 72

2024-02-04T00:15:06+00:00 CRITICAL Uncaught Error: Class "DOMDocument" not found in /var/www/html/wp-content/plugins/ti-woocommerce-wishlist/vendor/imangazaliev/didom/src/DiDom/Document.php:72
Stack trace:
#0 /var/www/html/wp-content/plugins/ti-woocommerce-wishlist/public/addtowishlist.class.php(1058): DiDom\Document->__construct()
#1 /var/www/html/wp-includes/class-wp-hook.php(324): TInvWL_Public_AddToWishlist->htmloutput_block()
#2 /var/www/html/wp-includes/plugin.php(205): WP_Hook->apply_filters()
#3 /var/www/html/wp-content/plugins/woocommerce/src/Blocks/BlockTypes/AbstractProductGrid.php(513): apply_filters()
#4 [internal function]: Automattic\WooCommerce\Blocks\BlockTypes\AbstractProductGrid->render_product()
#5 /var/www/html/wp-content/plugins/woocommerce/src/Blocks/BlockTypes/AbstractProductGrid.php(131): array_map()
#6 /var/www/html/wp-content/plugins/woocommerce/src/Blocks/BlockTypes/AbstractBlock.php(88): Automattic\WooCommerce\Blocks\BlockTypes\AbstractProductGrid->render()
#7 /var/www/html/wp-includes/class-wp-block.php(258): Automattic\WooCommerce\Blocks\BlockTypes\AbstractBlock->render_callback()
#8 /var/www/html/wp-includes/class-wp-block.php(244): WP_Block->render()
#9 /var/www/html/wp-includes/class-wp-block.php(244): WP_Block->render()
#10 /var/www/html/wp-includes/blocks.php(1484): WP_Block->render()
#11 /var/www/html/wp-includes/blocks.php(1522): render_block()
#12 /var/www/html/wp-includes/class-wp-hook.php(324): do_blocks()
#13 /var/www/html/wp-includes/plugin.php(205): WP_Hook->apply_filters()
#14 /var/www/html/wp-includes/rest-api/endpoints/class-wp-rest-posts-controller.php(1863): apply_filters()
#15 /var/www/html/wp-includes/rest-api/endpoints/class-wp-rest-posts-controller.php(569): WP_REST_Posts_Controller->prepare_item_for_response()
#16 /var/www/html/wp-includes/rest-api/class-wp-rest-server.php(1193): WP_REST_Posts_Controller->get_item()
#17 /var/www/html/wp-includes/rest-api/class-wp-rest-server.php(1041): WP_REST_Server->respond_to_request()
#18 /var/www/html/wp-includes/rest-api.php(551): WP_REST_Server->dispatch()
#19 /var/www/html/wp-includes/rest-api.php(2918): rest_do_request()
#20 [internal function]: rest_preload_api_request()
#21 /var/www/html/wp-includes/block-editor.php(753): array_reduce()
#22 /var/www/html/wp-admin/edit-form-blocks.php(77): block_editor_rest_api_preload()
#23 /var/www/html/wp-admin/post.php(187): require('...')
#24 {main}
  thrown in /var/www/html/wp-content/plugins/ti-woocommerce-wishlist/vendor/imangazaliev/didom/src/DiDom/Document.php on line 72

2024-02-04T05:28:01+00:00 CRITICAL Uncaught Error: Class "DOMDocument" not found in /var/www/html/wp-content/plugins/ti-woocommerce-wishlist/vendor/imangazaliev/didom/src/DiDom/Document.php:72
Stack trace:
#0 /var/www/html/wp-content/plugins/ti-woocommerce-wishlist/public/addtowishlist.class.php(1058): DiDom\Document->__construct()
#1 /var/www/html/wp-includes/class-wp-hook.php(324): TInvWL_Public_AddToWishlist->htmloutput_block()
#2 /var/www/html/wp-includes/plugin.php(205): WP_Hook->apply_filters()
#3 /var/www/html/wp-content/plugins/woocommerce/src/Blocks/BlockTypes/AbstractProductGrid.php(513): apply_filters()
#4 [internal function]: Automattic\WooCommerce\Blocks\BlockTypes\AbstractProductGrid->render_product()
#5 /var/www/html/wp-content/plugins/woocommerce/src/Blocks/BlockTypes/AbstractProductGrid.php(131): array_map()
#6 /var/www/html/wp-content/plugins/woocommerce/src/Blocks/BlockTypes/AbstractBlock.php(88): Automattic\WooCommerce\Blocks\BlockTypes\AbstractProductGrid->render()
#7 /var/www/html/wp-includes/class-wp-block.php(258): Automattic\WooCommerce\Blocks\BlockTypes\AbstractBlock->render_callback()
#8 /var/www/html/wp-includes/class-wp-block.php(244): WP_Block->render()
#9 /var/www/html/wp-includes/class-wp-block.php(244): WP_Block->render()
#10 /var/www/html/wp-includes/blocks.php(1484): WP_Block->render()
#11 /var/www/html/wp-includes/blocks.php(1522): render_block()
#12 /var/www/html/wp-includes/class-wp-hook.php(324): do_blocks()
#13 /var/www/html/wp-includes/plugin.php(205): WP_Hook->apply_filters()
#14 /var/www/html/wp-includes/post-template.php(256): apply_filters()
#15 /var/www/html/wp-content/themes/woostify/inc/woostify-template-functions.php(985): the_content()
#16 /var/www/html/wp-includes/class-wp-hook.php(324): woostify_page_content()
#17 /var/www/html/wp-includes/class-wp-hook.php(348): WP_Hook->apply_filters()
#18 /var/www/html/wp-includes/plugin.php(517): WP_Hook->do_action()
#19 /var/www/html/wp-content/themes/woostify/template-parts/content-page.php(17): do_action()
#20 /var/www/html/wp-includes/template.php(792): require('...')
#21 /var/www/html/wp-includes/template.php(725): load_template()
#22 /var/www/html/wp-includes/general-template.php(206): locate_template()
#23 /var/www/html/wp-content/themes/woostify/page.php(29): get_template_part()
#24 /var/www/html/wp-includes/template-loader.php(106): include('...')
#25 /var/www/html/wp-blog-header.php(19): require_once('...')
#26 /var/www/html/index.php(17): require('...')
#27 {main}
  thrown in /var/www/html/wp-content/plugins/ti-woocommerce-wishlist/vendor/imangazaliev/didom/src/DiDom/Document.php on line 72

2024-02-04T05:28:09+00:00 CRITICAL Uncaught Error: Class "DOMDocument" not found in /var/www/html/wp-content/plugins/ti-woocommerce-wishlist/vendor/imangazaliev/didom/src/DiDom/Document.php:72
Stack trace:
#0 /var/www/html/wp-content/plugins/ti-woocommerce-wishlist/public/addtowishlist.class.php(1058): DiDom\Document->__construct()
#1 /var/www/html/wp-includes/class-wp-hook.php(324): TInvWL_Public_AddToWishlist->htmloutput_block()
#2 /var/www/html/wp-includes/plugin.php(205): WP_Hook->apply_filters()
#3 /var/www/html/wp-content/plugins/woocommerce/src/Blocks/BlockTypes/AbstractProductGrid.php(513): apply_filters()
#4 [internal function]: Automattic\WooCommerce\Blocks\BlockTypes\AbstractProductGrid->render_product()
#5 /var/www/html/wp-content/plugins/woocommerce/src/Blocks/BlockTypes/AbstractProductGrid.php(131): array_map()
#6 /var/www/html/wp-content/plugins/woocommerce/src/Blocks/BlockTypes/AbstractBlock.php(88): Automattic\WooCommerce\Blocks\BlockTypes\AbstractProductGrid->render()
#7 /var/www/html/wp-includes/class-wp-block.php(258): Automattic\WooCommerce\Blocks\BlockTypes\AbstractBlock->render_callback()
#8 /var/www/html/wp-includes/class-wp-block.php(244): WP_Block->render()
#9 /var/www/html/wp-includes/class-wp-block.php(244): WP_Block->render()
#10 /var/www/html/wp-includes/blocks.php(1484): WP_Block->render()
#11 /var/www/html/wp-includes/blocks.php(1522): render_block()
#12 /var/www/html/wp-includes/class-wp-hook.php(324): do_blocks()
#13 /var/www/html/wp-includes/plugin.php(205): WP_Hook->apply_filters()
#14 /var/www/html/wp-includes/post-template.php(256): apply_filters()
#15 /var/www/html/wp-content/themes/woostify/inc/woostify-template-functions.php(985): the_content()
#16 /var/www/html/wp-includes/class-wp-hook.php(324): woostify_page_content()
#17 /var/www/html/wp-includes/class-wp-hook.php(348): WP_Hook->apply_filters()
#18 /var/www/html/wp-includes/plugin.php(517): WP_Hook->do_action()
#19 /var/www/html/wp-content/themes/woostify/template-parts/content-page.php(17): do_action()
#20 /var/www/html/wp-includes/template.php(792): require('...')
#21 /var/www/html/wp-includes/template.php(725): load_template()
#22 /var/www/html/wp-includes/general-template.php(206): locate_template()
#23 /var/www/html/wp-content/themes/woostify/page.php(29): get_template_part()
#24 /var/www/html/wp-includes/template-loader.php(106): include('...')
#25 /var/www/html/wp-blog-header.php(19): require_once('...')
#26 /var/www/html/index.php(17): require('...')
#27 {main}
  thrown in /var/www/html/wp-content/plugins/ti-woocommerce-wishlist/vendor/imangazaliev/didom/src/DiDom/Document.php on line 72

2024-02-04T05:28:19+00:00 CRITICAL Uncaught Error: Class "DOMDocument" not found in /var/www/html/wp-content/plugins/ti-woocommerce-wishlist/vendor/imangazaliev/didom/src/DiDom/Document.php:72
Stack trace:
#0 /var/www/html/wp-content/plugins/ti-woocommerce-wishlist/public/addtowishlist.class.php(1058): DiDom\Document->__construct()
#1 /var/www/html/wp-includes/class-wp-hook.php(324): TInvWL_Public_AddToWishlist->htmloutput_block()
#2 /var/www/html/wp-includes/plugin.php(205): WP_Hook->apply_filters()
#3 /var/www/html/wp-content/plugins/woocommerce/src/Blocks/BlockTypes/AbstractProductGrid.php(513): apply_filters()
#4 [internal function]: Automattic\WooCommerce\Blocks\BlockTypes\AbstractProductGrid->render_product()
#5 /var/www/html/wp-content/plugins/woocommerce/src/Blocks/BlockTypes/AbstractProductGrid.php(131): array_map()
#6 /var/www/html/wp-content/plugins/woocommerce/src/Blocks/BlockTypes/AbstractBlock.php(88): Automattic\WooCommerce\Blocks\BlockTypes\AbstractProductGrid->render()
#7 /var/www/html/wp-includes/class-wp-block.php(258): Automattic\WooCommerce\Blocks\BlockTypes\AbstractBlock->render_callback()
#8 /var/www/html/wp-includes/class-wp-block.php(244): WP_Block->render()
#9 /var/www/html/wp-includes/class-wp-block.php(244): WP_Block->render()
#10 /var/www/html/wp-includes/blocks.php(1484): WP_Block->render()
#11 /var/www/html/wp-includes/blocks.php(1522): render_block()
#12 /var/www/html/wp-includes/class-wp-hook.php(324): do_blocks()
#13 /var/www/html/wp-includes/plugin.php(205): WP_Hook->apply_filters()
#14 /var/www/html/wp-includes/post-template.php(256): apply_filters()
#15 /var/www/html/wp-content/themes/woostify/inc/woostify-template-functions.php(985): the_content()
#16 /var/www/html/wp-includes/class-wp-hook.php(324): woostify_page_content()
#17 /var/www/html/wp-includes/class-wp-hook.php(348): WP_Hook->apply_filters()
#18 /var/www/html/wp-includes/plugin.php(517): WP_Hook->do_action()
#19 /var/www/html/wp-content/themes/woostify/template-parts/content-page.php(17): do_action()
#20 /var/www/html/wp-includes/template.php(792): require('...')
#21 /var/www/html/wp-includes/template.php(725): load_template()
#22 /var/www/html/wp-includes/general-template.php(206): locate_template()
#23 /var/www/html/wp-content/themes/woostify/page.php(29): get_template_part()
#24 /var/www/html/wp-includes/template-loader.php(106): include('...')
#25 /var/www/html/wp-blog-header.php(19): require_once('...')
#26 /var/www/html/index.php(17): require('...')
#27 {main}
  thrown in /var/www/html/wp-content/plugins/ti-woocommerce-wishlist/vendor/imangazaliev/didom/src/DiDom/Document.php on line 72

2024-02-04T05:28:35+00:00 CRITICAL Uncaught Error: Class "DOMDocument" not found in /var/www/html/wp-content/plugins/ti-woocommerce-wishlist/vendor/imangazaliev/didom/src/DiDom/Document.php:72
Stack trace:
#0 /var/www/html/wp-content/plugins/ti-woocommerce-wishlist/public/addtowishlist.class.php(1058): DiDom\Document->__construct()
#1 /var/www/html/wp-includes/class-wp-hook.php(324): TInvWL_Public_AddToWishlist->htmloutput_block()
#2 /var/www/html/wp-includes/plugin.php(205): WP_Hook->apply_filters()
#3 /var/www/html/wp-content/plugins/woocommerce/src/Blocks/BlockTypes/AbstractProductGrid.php(513): apply_filters()
#4 [internal function]: Automattic\WooCommerce\Blocks\BlockTypes\AbstractProductGrid->render_product()
#5 /var/www/html/wp-content/plugins/woocommerce/src/Blocks/BlockTypes/AbstractProductGrid.php(131): array_map()
#6 /var/www/html/wp-content/plugins/woocommerce/src/Blocks/BlockTypes/AbstractBlock.php(88): Automattic\WooCommerce\Blocks\BlockTypes\AbstractProductGrid->render()
#7 /var/www/html/wp-includes/class-wp-block.php(258): Automattic\WooCommerce\Blocks\BlockTypes\AbstractBlock->render_callback()
#8 /var/www/html/wp-includes/class-wp-block.php(244): WP_Block->render()
#9 /var/www/html/wp-includes/class-wp-block.php(244): WP_Block->render()
#10 /var/www/html/wp-includes/blocks.php(1484): WP_Block->render()
#11 /var/www/html/wp-includes/blocks.php(1522): render_block()
#12 /var/www/html/wp-includes/class-wp-hook.php(324): do_blocks()
#13 /var/www/html/wp-includes/plugin.php(205): WP_Hook->apply_filters()
#14 /var/www/html/wp-includes/post-template.php(256): apply_filters()
#15 /var/www/html/wp-content/themes/woostify/inc/woostify-template-functions.php(985): the_content()
#16 /var/www/html/wp-includes/class-wp-hook.php(324): woostify_page_content()
#17 /var/www/html/wp-includes/class-wp-hook.php(348): WP_Hook->apply_filters()
#18 /var/www/html/wp-includes/plugin.php(517): WP_Hook->do_action()
#19 /var/www/html/wp-content/themes/woostify/template-parts/content-page.php(17): do_action()
#20 /var/www/html/wp-includes/template.php(792): require('...')
#21 /var/www/html/wp-includes/template.php(725): load_template()
#22 /var/www/html/wp-includes/general-template.php(206): locate_template()
#23 /var/www/html/wp-content/themes/woostify/page.php(29): get_template_part()
#24 /var/www/html/wp-includes/template-loader.php(106): include('...')
#25 /var/www/html/wp-blog-header.php(19): require_once('...')
#26 /var/www/html/index.php(17): require('...')
#27 {main}
  thrown in /var/www/html/wp-content/plugins/ti-woocommerce-wishlist/vendor/imangazaliev/didom/src/DiDom/Document.php on line 72

2024-02-04T05:28:50+00:00 CRITICAL Uncaught Error: Class "DOMDocument" not found in /var/www/html/wp-content/plugins/ti-woocommerce-wishlist/vendor/imangazaliev/didom/src/DiDom/Document.php:72
Stack trace:
#0 /var/www/html/wp-content/plugins/ti-woocommerce-wishlist/public/addtowishlist.class.php(1058): DiDom\Document->__construct()
#1 /var/www/html/wp-includes/class-wp-hook.php(324): TInvWL_Public_AddToWishlist->htmloutput_block()
#2 /var/www/html/wp-includes/plugin.php(205): WP_Hook->apply_filters()
#3 /var/www/html/wp-content/plugins/woocommerce/src/Blocks/BlockTypes/AbstractProductGrid.php(513): apply_filters()
#4 [internal function]: Automattic\WooCommerce\Blocks\BlockTypes\AbstractProductGrid->render_product()
#5 /var/www/html/wp-content/plugins/woocommerce/src/Blocks/BlockTypes/AbstractProductGrid.php(131): array_map()
#6 /var/www/html/wp-content/plugins/woocommerce/src/Blocks/BlockTypes/AbstractBlock.php(88): Automattic\WooCommerce\Blocks\BlockTypes\AbstractProductGrid->render()
#7 /var/www/html/wp-includes/class-wp-block.php(258): Automattic\WooCommerce\Blocks\BlockTypes\AbstractBlock->render_callback()
#8 /var/www/html/wp-includes/class-wp-block.php(244): WP_Block->render()
#9 /var/www/html/wp-includes/class-wp-block.php(244): WP_Block->render()
#10 /var/www/html/wp-includes/blocks.php(1484): WP_Block->render()
#11 /var/www/html/wp-includes/blocks.php(1522): render_block()
#12 /var/www/html/wp-includes/class-wp-hook.php(324): do_blocks()
#13 /var/www/html/wp-includes/plugin.php(205): WP_Hook->apply_filters()
#14 /var/www/html/wp-includes/post-template.php(256): apply_filters()
#15 /var/www/html/wp-content/themes/woostify/inc/woostify-template-functions.php(985): the_content()
#16 /var/www/html/wp-includes/class-wp-hook.php(324): woostify_page_content()
#17 /var/www/html/wp-includes/class-wp-hook.php(348): WP_Hook->apply_filters()
#18 /var/www/html/wp-includes/plugin.php(517): WP_Hook->do_action()
#19 /var/www/html/wp-content/themes/woostify/template-parts/content-page.php(17): do_action()
#20 /var/www/html/wp-includes/template.php(792): require('...')
#21 /var/www/html/wp-includes/template.php(725): load_template()
#22 /var/www/html/wp-includes/general-template.php(206): locate_template()
#23 /var/www/html/wp-content/themes/woostify/page.php(29): get_template_part()
#24 /var/www/html/wp-includes/template-loader.php(106): include('...')
#25 /var/www/html/wp-blog-header.php(19): require_once('...')
#26 /var/www/html/index.php(17): require('...')
#27 {main}
  thrown in /var/www/html/wp-content/plugins/ti-woocommerce-wishlist/vendor/imangazaliev/didom/src/DiDom/Document.php on line 72

2024-02-04T07:19:48+00:00 CRITICAL Uncaught Error: Call to a member function is_built_with_elementor() on bool in /var/www/html/wp-content/plugins/elementor/core/documents-manager.php:511
Stack trace:
#0 [internal function]: Elementor\Core\Documents_Manager->ajax_save()
#1 /var/www/html/wp-content/plugins/elementor/core/common/modules/ajax/module.php(176): call_user_func()
#2 /var/www/html/wp-includes/class-wp-hook.php(324): Elementor\Core\Common\Modules\Ajax\Module->handle_ajax_request()
#3 /var/www/html/wp-includes/class-wp-hook.php(348): WP_Hook->apply_filters()
#4 /var/www/html/wp-includes/plugin.php(517): WP_Hook->do_action()
#5 /var/www/html/wp-admin/admin-ajax.php(188): do_action()
#6 {main}
  thrown in /var/www/html/wp-content/plugins/elementor/core/documents-manager.php on line 511

2024-02-04T11:04:53+00:00 CRITICAL Uncaught TypeError: Elementor\Core\Files\Uploads_Manager::validate_file(): Argument #1 ($file) must be of type array, WP_Error given, called in /var/www/html/wp-content/plugins/elementor/core/files/uploads-manager.php on line 135 and defined in /var/www/html/wp-content/plugins/elementor/core/files/uploads-manager.php:538
Stack trace:
#0 /var/www/html/wp-content/plugins/elementor/core/files/uploads-manager.php(135): Elementor\Core\Files\Uploads_Manager->validate_file()
#1 /var/www/html/wp-content/plugins/elementor/includes/template-library/manager.php(479): Elementor\Core\Files\Uploads_Manager->handle_elementor_upload()
#2 [internal function]: Elementor\TemplateLibrary\Manager->import_template()
#3 /var/www/html/wp-content/plugins/elementor/includes/template-library/manager.php(611): call_user_func()
#4 /var/www/html/wp-content/plugins/elementor/includes/template-library/manager.php(644): Elementor\TemplateLibrary\Manager->handle_ajax_request()
#5 [internal function]: Elementor\TemplateLibrary\Manager->Elementor\TemplateLibrary\{closure}()
#6 /var/www/html/wp-content/plugins/elementor/core/common/modules/ajax/module.php(176): call_user_func()
#7 /var/www/html/wp-includes/class-wp-hook.php(324): Elementor\Core\Common\Modules\Ajax\Module->handle_ajax_request()
#8 /var/www/html/wp-includes/class-wp-hook.php(348): WP_Hook->apply_filters()
#9 /var/www/html/wp-includes/plugin.php(517): WP_Hook->do_action()
#10 /var/www/html/wp-admin/admin-ajax.php(188): do_action()
#11 {main}
  thrown in /var/www/html/wp-content/plugins/elementor/core/files/uploads-manager.php on line 538

2024-02-04T22:29:23+00:00 CRITICAL Uncaught Error: Class "DOMDocument" not found in /var/www/html/wp-content/plugins/ti-woocommerce-wishlist/vendor/imangazaliev/didom/src/DiDom/Document.php:72
Stack trace:
#0 /var/www/html/wp-content/plugins/ti-woocommerce-wishlist/public/addtowishlist.class.php(1058): DiDom\Document->__construct()
#1 /var/www/html/wp-includes/class-wp-hook.php(324): TInvWL_Public_AddToWishlist->htmloutput_block()
#2 /var/www/html/wp-includes/plugin.php(205): WP_Hook->apply_filters()
#3 /var/www/html/wp-content/plugins/woocommerce/src/Blocks/BlockTypes/AbstractProductGrid.php(513): apply_filters()
#4 [internal function]: Automattic\WooCommerce\Blocks\BlockTypes\AbstractProductGrid->render_product()
#5 /var/www/html/wp-content/plugins/woocommerce/src/Blocks/BlockTypes/AbstractProductGrid.php(131): array_map()
#6 /var/www/html/wp-content/plugins/woocommerce/src/Blocks/BlockTypes/AbstractBlock.php(88): Automattic\WooCommerce\Blocks\BlockTypes\AbstractProductGrid->render()
#7 /var/www/html/wp-includes/class-wp-block.php(258): Automattic\WooCommerce\Blocks\BlockTypes\AbstractBlock->render_callback()
#8 /var/www/html/wp-includes/class-wp-block.php(244): WP_Block->render()
#9 /var/www/html/wp-includes/class-wp-block.php(244): WP_Block->render()
#10 /var/www/html/wp-includes/blocks.php(1484): WP_Block->render()
#11 /var/www/html/wp-includes/blocks.php(1522): render_block()
#12 /var/www/html/wp-includes/class-wp-hook.php(324): do_blocks()
#13 /var/www/html/wp-includes/plugin.php(205): WP_Hook->apply_filters()
#14 /var/www/html/wp-includes/post-template.php(256): apply_filters()
#15 /var/www/html/wp-content/themes/woostify/inc/woostify-template-functions.php(985): the_content()
#16 /var/www/html/wp-includes/class-wp-hook.php(324): woostify_page_content()
#17 /var/www/html/wp-includes/class-wp-hook.php(348): WP_Hook->apply_filters()
#18 /var/www/html/wp-includes/plugin.php(517): WP_Hook->do_action()
#19 /var/www/html/wp-content/themes/woostify/template-parts/content-page.php(17): do_action()
#20 /var/www/html/wp-includes/template.php(792): require('...')
#21 /var/www/html/wp-includes/template.php(725): load_template()
#22 /var/www/html/wp-includes/general-template.php(206): locate_template()
#23 /var/www/html/wp-content/themes/woostify/page.php(29): get_template_part()
#24 /var/www/html/wp-includes/template-loader.php(106): include('...')
#25 /var/www/html/wp-blog-header.php(19): require_once('...')
#26 /var/www/html/index.php(17): require('...')
#27 {main}
  thrown in /var/www/html/wp-content/plugins/ti-woocommerce-wishlist/vendor/imangazaliev/didom/src/DiDom/Document.php on line 72

2024-02-04T23:01:55+00:00 CRITICAL Uncaught Error: Call to undefined function wp_trip_all_tags() in /var/www/html/wp-content/themes/woostify/inc/widget/class-woostify-recent-post-thumbnail.php:148
Stack trace:
#0 /var/www/html/wp-includes/class-wp-widget.php(457): Woostify_Recent_Post_Thumbnail->update()
#1 /var/www/html/wp-admin/includes/ajax-actions.php(2416): WP_Widget->update_callback()
#2 /var/www/html/wp-includes/class-wp-hook.php(324): wp_ajax_save_widget()
#3 /var/www/html/wp-includes/class-wp-hook.php(348): WP_Hook->apply_filters()
#4 /var/www/html/wp-includes/plugin.php(517): WP_Hook->do_action()
#5 /var/www/html/wp-admin/admin-ajax.php(188): do_action()
#6 {main}
  thrown in /var/www/html/wp-content/themes/woostify/inc/widget/class-woostify-recent-post-thumbnail.php on line 148

2024-02-04T23:02:36+00:00 CRITICAL Uncaught Error: Call to undefined function wp_trip_all_tags() in /var/www/html/wp-content/themes/woostify/inc/widget/class-woostify-recent-post-thumbnail.php:148
Stack trace:
#0 /var/www/html/wp-includes/class-wp-widget.php(457): Woostify_Recent_Post_Thumbnail->update()
#1 /var/www/html/wp-admin/includes/ajax-actions.php(2416): WP_Widget->update_callback()
#2 /var/www/html/wp-includes/class-wp-hook.php(324): wp_ajax_save_widget()
#3 /var/www/html/wp-includes/class-wp-hook.php(348): WP_Hook->apply_filters()
#4 /var/www/html/wp-includes/plugin.php(517): WP_Hook->do_action()
#5 /var/www/html/wp-admin/admin-ajax.php(188): do_action()
#6 {main}
  thrown in /var/www/html/wp-content/themes/woostify/inc/widget/class-woostify-recent-post-thumbnail.php on line 148

