2024-02-05T21:51:33+00:00 CRITICAL Uncaught Error: Call to undefined function mb_list_encodings() in /var/www/html/wp-content/plugins/woocommerce/includes/admin/importers/views/html-product-csv-import-form.php:86
Stack trace:
#0 /var/www/html/wp-content/plugins/woocommerce/includes/admin/importers/class-wc-product-csv-importer-controller.php(285): include()
#1 /var/www/html/wp-content/plugins/woocommerce/includes/admin/importers/class-wc-product-csv-importer-controller.php(273): WC_Product_CSV_Importer_Controller->upload_form()
#2 /var/www/html/wp-content/plugins/woocommerce/includes/admin/class-wc-admin-importers.php(107): WC_Product_CSV_Importer_Controller->dispatch()
#3 /var/www/html/wp-includes/class-wp-hook.php(324): WC_Admin_Importers->product_importer()
#4 /var/www/html/wp-includes/class-wp-hook.php(348): WP_Hook->apply_filters()
#5 /var/www/html/wp-includes/plugin.php(517): WP_Hook->do_action()
#6 /var/www/html/wp-admin/admin.php(259): do_action()
#7 /var/www/html/wp-admin/edit.php(10): require_once('...')
#8 {main}
  thrown in /var/www/html/wp-content/plugins/woocommerce/includes/admin/importers/views/html-product-csv-import-form.php on line 86

2024-02-05T23:50:20+00:00 CRITICAL Uncaught Error: Class "DOMDocument" not found in /var/www/html/wp-content/plugins/ti-woocommerce-wishlist/vendor/imangazaliev/didom/src/DiDom/Document.php:72
Stack trace:
#0 /var/www/html/wp-content/plugins/ti-woocommerce-wishlist/public/addtowishlist.class.php(1058): DiDom\Document->__construct()
#1 /var/www/html/wp-includes/class-wp-hook.php(324): TInvWL_Public_AddToWishlist->htmloutput_block()
#2 /var/www/html/wp-includes/plugin.php(205): WP_Hook->apply_filters()
#3 /var/www/html/wp-content/plugins/woocommerce/src/Blocks/BlockTypes/AbstractProductGrid.php(513): apply_filters()
#4 [internal function]: Automattic\WooCommerce\Blocks\BlockTypes\AbstractProductGrid->render_product()
#5 /var/www/html/wp-content/plugins/woocommerce/src/Blocks/BlockTypes/AbstractProductGrid.php(131): array_map()
#6 /var/www/html/wp-content/plugins/woocommerce/src/Blocks/BlockTypes/AbstractBlock.php(88): Automattic\WooCommerce\Blocks\BlockTypes\AbstractProductGrid->render()
#7 /var/www/html/wp-includes/class-wp-block.php(258): Automattic\WooCommerce\Blocks\BlockTypes\AbstractBlock->render_callback()
#8 /var/www/html/wp-includes/class-wp-block.php(244): WP_Block->render()
#9 /var/www/html/wp-includes/class-wp-block.php(244): WP_Block->render()
#10 /var/www/html/wp-includes/blocks.php(1484): WP_Block->render()
#11 /var/www/html/wp-includes/blocks.php(1522): render_block()
#12 /var/www/html/wp-includes/class-wp-hook.php(324): do_blocks()
#13 /var/www/html/wp-includes/plugin.php(205): WP_Hook->apply_filters()
#14 /var/www/html/wp-includes/post-template.php(256): apply_filters()
#15 /var/www/html/wp-content/themes/woostify/inc/woostify-template-functions.php(985): the_content()
#16 /var/www/html/wp-includes/class-wp-hook.php(324): woostify_page_content()
#17 /var/www/html/wp-includes/class-wp-hook.php(348): WP_Hook->apply_filters()
#18 /var/www/html/wp-includes/plugin.php(517): WP_Hook->do_action()
#19 /var/www/html/wp-content/themes/woostify/template-parts/content-page.php(17): do_action()
#20 /var/www/html/wp-includes/template.php(792): require('...')
#21 /var/www/html/wp-includes/template.php(725): load_template()
#22 /var/www/html/wp-includes/general-template.php(206): locate_template()
#23 /var/www/html/wp-content/themes/woostify/page.php(29): get_template_part()
#24 /var/www/html/wp-includes/template-loader.php(106): include('...')
#25 /var/www/html/wp-blog-header.php(19): require_once('...')
#26 /var/www/html/index.php(17): require('...')
#27 {main}
  thrown in /var/www/html/wp-content/plugins/ti-woocommerce-wishlist/vendor/imangazaliev/didom/src/DiDom/Document.php on line 72

2024-02-05T23:50:28+00:00 CRITICAL Uncaught Error: Class "DOMDocument" not found in /var/www/html/wp-content/plugins/ti-woocommerce-wishlist/vendor/imangazaliev/didom/src/DiDom/Document.php:72
Stack trace:
#0 /var/www/html/wp-content/plugins/ti-woocommerce-wishlist/public/addtowishlist.class.php(1058): DiDom\Document->__construct()
#1 /var/www/html/wp-includes/class-wp-hook.php(324): TInvWL_Public_AddToWishlist->htmloutput_block()
#2 /var/www/html/wp-includes/plugin.php(205): WP_Hook->apply_filters()
#3 /var/www/html/wp-content/plugins/woocommerce/src/Blocks/BlockTypes/AbstractProductGrid.php(513): apply_filters()
#4 [internal function]: Automattic\WooCommerce\Blocks\BlockTypes\AbstractProductGrid->render_product()
#5 /var/www/html/wp-content/plugins/woocommerce/src/Blocks/BlockTypes/AbstractProductGrid.php(131): array_map()
#6 /var/www/html/wp-content/plugins/woocommerce/src/Blocks/BlockTypes/AbstractBlock.php(88): Automattic\WooCommerce\Blocks\BlockTypes\AbstractProductGrid->render()
#7 /var/www/html/wp-includes/class-wp-block.php(258): Automattic\WooCommerce\Blocks\BlockTypes\AbstractBlock->render_callback()
#8 /var/www/html/wp-includes/class-wp-block.php(244): WP_Block->render()
#9 /var/www/html/wp-includes/class-wp-block.php(244): WP_Block->render()
#10 /var/www/html/wp-includes/blocks.php(1484): WP_Block->render()
#11 /var/www/html/wp-includes/blocks.php(1522): render_block()
#12 /var/www/html/wp-includes/class-wp-hook.php(324): do_blocks()
#13 /var/www/html/wp-includes/plugin.php(205): WP_Hook->apply_filters()
#14 /var/www/html/wp-includes/post-template.php(256): apply_filters()
#15 /var/www/html/wp-content/themes/woostify/inc/woostify-template-functions.php(985): the_content()
#16 /var/www/html/wp-includes/class-wp-hook.php(324): woostify_page_content()
#17 /var/www/html/wp-includes/class-wp-hook.php(348): WP_Hook->apply_filters()
#18 /var/www/html/wp-includes/plugin.php(517): WP_Hook->do_action()
#19 /var/www/html/wp-content/themes/woostify/template-parts/content-page.php(17): do_action()
#20 /var/www/html/wp-includes/template.php(792): require('...')
#21 /var/www/html/wp-includes/template.php(725): load_template()
#22 /var/www/html/wp-includes/general-template.php(206): locate_template()
#23 /var/www/html/wp-content/themes/woostify/page.php(29): get_template_part()
#24 /var/www/html/wp-includes/template-loader.php(106): include('...')
#25 /var/www/html/wp-blog-header.php(19): require_once('...')
#26 /var/www/html/index.php(17): require('...')
#27 {main}
  thrown in /var/www/html/wp-content/plugins/ti-woocommerce-wishlist/vendor/imangazaliev/didom/src/DiDom/Document.php on line 72

2024-02-05T23:50:31+00:00 CRITICAL Uncaught Error: Class "DOMDocument" not found in /var/www/html/wp-content/plugins/ti-woocommerce-wishlist/vendor/imangazaliev/didom/src/DiDom/Document.php:72
Stack trace:
#0 /var/www/html/wp-content/plugins/ti-woocommerce-wishlist/public/addtowishlist.class.php(1058): DiDom\Document->__construct()
#1 /var/www/html/wp-includes/class-wp-hook.php(324): TInvWL_Public_AddToWishlist->htmloutput_block()
#2 /var/www/html/wp-includes/plugin.php(205): WP_Hook->apply_filters()
#3 /var/www/html/wp-content/plugins/woocommerce/src/Blocks/BlockTypes/AbstractProductGrid.php(513): apply_filters()
#4 [internal function]: Automattic\WooCommerce\Blocks\BlockTypes\AbstractProductGrid->render_product()
#5 /var/www/html/wp-content/plugins/woocommerce/src/Blocks/BlockTypes/AbstractProductGrid.php(131): array_map()
#6 /var/www/html/wp-content/plugins/woocommerce/src/Blocks/BlockTypes/AbstractBlock.php(88): Automattic\WooCommerce\Blocks\BlockTypes\AbstractProductGrid->render()
#7 /var/www/html/wp-includes/class-wp-block.php(258): Automattic\WooCommerce\Blocks\BlockTypes\AbstractBlock->render_callback()
#8 /var/www/html/wp-includes/class-wp-block.php(244): WP_Block->render()
#9 /var/www/html/wp-includes/class-wp-block.php(244): WP_Block->render()
#10 /var/www/html/wp-includes/blocks.php(1484): WP_Block->render()
#11 /var/www/html/wp-includes/blocks.php(1522): render_block()
#12 /var/www/html/wp-includes/class-wp-hook.php(324): do_blocks()
#13 /var/www/html/wp-includes/plugin.php(205): WP_Hook->apply_filters()
#14 /var/www/html/wp-includes/post-template.php(256): apply_filters()
#15 /var/www/html/wp-content/themes/woostify/inc/woostify-template-functions.php(985): the_content()
#16 /var/www/html/wp-includes/class-wp-hook.php(324): woostify_page_content()
#17 /var/www/html/wp-includes/class-wp-hook.php(348): WP_Hook->apply_filters()
#18 /var/www/html/wp-includes/plugin.php(517): WP_Hook->do_action()
#19 /var/www/html/wp-content/themes/woostify/template-parts/content-page.php(17): do_action()
#20 /var/www/html/wp-includes/template.php(792): require('...')
#21 /var/www/html/wp-includes/template.php(725): load_template()
#22 /var/www/html/wp-includes/general-template.php(206): locate_template()
#23 /var/www/html/wp-content/themes/woostify/page.php(29): get_template_part()
#24 /var/www/html/wp-includes/template-loader.php(106): include('...')
#25 /var/www/html/wp-blog-header.php(19): require_once('...')
#26 /var/www/html/index.php(17): require('...')
#27 {main}
  thrown in /var/www/html/wp-content/plugins/ti-woocommerce-wishlist/vendor/imangazaliev/didom/src/DiDom/Document.php on line 72

2024-02-05T23:51:12+00:00 CRITICAL Uncaught Error: Class "DOMDocument" not found in /var/www/html/wp-content/plugins/ti-woocommerce-wishlist/vendor/imangazaliev/didom/src/DiDom/Document.php:72
Stack trace:
#0 /var/www/html/wp-content/plugins/ti-woocommerce-wishlist/public/addtowishlist.class.php(1058): DiDom\Document->__construct()
#1 /var/www/html/wp-includes/class-wp-hook.php(324): TInvWL_Public_AddToWishlist->htmloutput_block()
#2 /var/www/html/wp-includes/plugin.php(205): WP_Hook->apply_filters()
#3 /var/www/html/wp-content/plugins/woocommerce/src/Blocks/BlockTypes/AbstractProductGrid.php(513): apply_filters()
#4 [internal function]: Automattic\WooCommerce\Blocks\BlockTypes\AbstractProductGrid->render_product()
#5 /var/www/html/wp-content/plugins/woocommerce/src/Blocks/BlockTypes/AbstractProductGrid.php(131): array_map()
#6 /var/www/html/wp-content/plugins/woocommerce/src/Blocks/BlockTypes/AbstractBlock.php(88): Automattic\WooCommerce\Blocks\BlockTypes\AbstractProductGrid->render()
#7 /var/www/html/wp-includes/class-wp-block.php(258): Automattic\WooCommerce\Blocks\BlockTypes\AbstractBlock->render_callback()
#8 /var/www/html/wp-includes/class-wp-block.php(244): WP_Block->render()
#9 /var/www/html/wp-includes/class-wp-block.php(244): WP_Block->render()
#10 /var/www/html/wp-includes/blocks.php(1484): WP_Block->render()
#11 /var/www/html/wp-includes/blocks.php(1522): render_block()
#12 /var/www/html/wp-includes/class-wp-hook.php(324): do_blocks()
#13 /var/www/html/wp-includes/plugin.php(205): WP_Hook->apply_filters()
#14 /var/www/html/wp-includes/post-template.php(256): apply_filters()
#15 /var/www/html/wp-content/themes/woostify/inc/woostify-template-functions.php(985): the_content()
#16 /var/www/html/wp-includes/class-wp-hook.php(324): woostify_page_content()
#17 /var/www/html/wp-includes/class-wp-hook.php(348): WP_Hook->apply_filters()
#18 /var/www/html/wp-includes/plugin.php(517): WP_Hook->do_action()
#19 /var/www/html/wp-content/themes/woostify/template-parts/content-page.php(17): do_action()
#20 /var/www/html/wp-includes/template.php(792): require('...')
#21 /var/www/html/wp-includes/template.php(725): load_template()
#22 /var/www/html/wp-includes/general-template.php(206): locate_template()
#23 /var/www/html/wp-content/themes/woostify/page.php(29): get_template_part()
#24 /var/www/html/wp-includes/template-loader.php(106): include('...')
#25 /var/www/html/wp-blog-header.php(19): require_once('...')
#26 /var/www/html/index.php(17): require('...')
#27 {main}
  thrown in /var/www/html/wp-content/plugins/ti-woocommerce-wishlist/vendor/imangazaliev/didom/src/DiDom/Document.php on line 72

2024-02-05T23:51:16+00:00 CRITICAL Uncaught Error: Class "DOMDocument" not found in /var/www/html/wp-content/plugins/ti-woocommerce-wishlist/vendor/imangazaliev/didom/src/DiDom/Document.php:72
Stack trace:
#0 /var/www/html/wp-content/plugins/ti-woocommerce-wishlist/public/addtowishlist.class.php(1058): DiDom\Document->__construct()
#1 /var/www/html/wp-includes/class-wp-hook.php(324): TInvWL_Public_AddToWishlist->htmloutput_block()
#2 /var/www/html/wp-includes/plugin.php(205): WP_Hook->apply_filters()
#3 /var/www/html/wp-content/plugins/woocommerce/src/Blocks/BlockTypes/AbstractProductGrid.php(513): apply_filters()
#4 [internal function]: Automattic\WooCommerce\Blocks\BlockTypes\AbstractProductGrid->render_product()
#5 /var/www/html/wp-content/plugins/woocommerce/src/Blocks/BlockTypes/AbstractProductGrid.php(131): array_map()
#6 /var/www/html/wp-content/plugins/woocommerce/src/Blocks/BlockTypes/AbstractBlock.php(88): Automattic\WooCommerce\Blocks\BlockTypes\AbstractProductGrid->render()
#7 /var/www/html/wp-includes/class-wp-block.php(258): Automattic\WooCommerce\Blocks\BlockTypes\AbstractBlock->render_callback()
#8 /var/www/html/wp-includes/class-wp-block.php(244): WP_Block->render()
#9 /var/www/html/wp-includes/class-wp-block.php(244): WP_Block->render()
#10 /var/www/html/wp-includes/blocks.php(1484): WP_Block->render()
#11 /var/www/html/wp-includes/blocks.php(1522): render_block()
#12 /var/www/html/wp-includes/class-wp-hook.php(324): do_blocks()
#13 /var/www/html/wp-includes/plugin.php(205): WP_Hook->apply_filters()
#14 /var/www/html/wp-includes/post-template.php(256): apply_filters()
#15 /var/www/html/wp-content/themes/woostify/inc/woostify-template-functions.php(985): the_content()
#16 /var/www/html/wp-includes/class-wp-hook.php(324): woostify_page_content()
#17 /var/www/html/wp-includes/class-wp-hook.php(348): WP_Hook->apply_filters()
#18 /var/www/html/wp-includes/plugin.php(517): WP_Hook->do_action()
#19 /var/www/html/wp-content/themes/woostify/template-parts/content-page.php(17): do_action()
#20 /var/www/html/wp-includes/template.php(792): require('...')
#21 /var/www/html/wp-includes/template.php(725): load_template()
#22 /var/www/html/wp-includes/general-template.php(206): locate_template()
#23 /var/www/html/wp-content/themes/woostify/page.php(29): get_template_part()
#24 /var/www/html/wp-includes/template-loader.php(106): include('...')
#25 /var/www/html/wp-blog-header.php(19): require_once('...')
#26 /var/www/html/index.php(17): require('...')
#27 {main}
  thrown in /var/www/html/wp-content/plugins/ti-woocommerce-wishlist/vendor/imangazaliev/didom/src/DiDom/Document.php on line 72

2024-02-05T23:51:18+00:00 CRITICAL Uncaught Error: Class "DOMDocument" not found in /var/www/html/wp-content/plugins/ti-woocommerce-wishlist/vendor/imangazaliev/didom/src/DiDom/Document.php:72
Stack trace:
#0 /var/www/html/wp-content/plugins/ti-woocommerce-wishlist/public/addtowishlist.class.php(1058): DiDom\Document->__construct()
#1 /var/www/html/wp-includes/class-wp-hook.php(324): TInvWL_Public_AddToWishlist->htmloutput_block()
#2 /var/www/html/wp-includes/plugin.php(205): WP_Hook->apply_filters()
#3 /var/www/html/wp-content/plugins/woocommerce/src/Blocks/BlockTypes/AbstractProductGrid.php(513): apply_filters()
#4 [internal function]: Automattic\WooCommerce\Blocks\BlockTypes\AbstractProductGrid->render_product()
#5 /var/www/html/wp-content/plugins/woocommerce/src/Blocks/BlockTypes/AbstractProductGrid.php(131): array_map()
#6 /var/www/html/wp-content/plugins/woocommerce/src/Blocks/BlockTypes/AbstractBlock.php(88): Automattic\WooCommerce\Blocks\BlockTypes\AbstractProductGrid->render()
#7 /var/www/html/wp-includes/class-wp-block.php(258): Automattic\WooCommerce\Blocks\BlockTypes\AbstractBlock->render_callback()
#8 /var/www/html/wp-includes/class-wp-block.php(244): WP_Block->render()
#9 /var/www/html/wp-includes/class-wp-block.php(244): WP_Block->render()
#10 /var/www/html/wp-includes/blocks.php(1484): WP_Block->render()
#11 /var/www/html/wp-includes/blocks.php(1522): render_block()
#12 /var/www/html/wp-includes/class-wp-hook.php(324): do_blocks()
#13 /var/www/html/wp-includes/plugin.php(205): WP_Hook->apply_filters()
#14 /var/www/html/wp-includes/post-template.php(256): apply_filters()
#15 /var/www/html/wp-content/themes/woostify/inc/woostify-template-functions.php(985): the_content()
#16 /var/www/html/wp-includes/class-wp-hook.php(324): woostify_page_content()
#17 /var/www/html/wp-includes/class-wp-hook.php(348): WP_Hook->apply_filters()
#18 /var/www/html/wp-includes/plugin.php(517): WP_Hook->do_action()
#19 /var/www/html/wp-content/themes/woostify/template-parts/content-page.php(17): do_action()
#20 /var/www/html/wp-includes/template.php(792): require('...')
#21 /var/www/html/wp-includes/template.php(725): load_template()
#22 /var/www/html/wp-includes/general-template.php(206): locate_template()
#23 /var/www/html/wp-content/themes/woostify/page.php(29): get_template_part()
#24 /var/www/html/wp-includes/template-loader.php(106): include('...')
#25 /var/www/html/wp-blog-header.php(19): require_once('...')
#26 /var/www/html/index.php(17): require('...')
#27 {main}
  thrown in /var/www/html/wp-content/plugins/ti-woocommerce-wishlist/vendor/imangazaliev/didom/src/DiDom/Document.php on line 72

2024-02-05T23:52:50+00:00 CRITICAL Uncaught Error: Class "DOMDocument" not found in /var/www/html/wp-content/plugins/ti-woocommerce-wishlist/vendor/imangazaliev/didom/src/DiDom/Document.php:72
Stack trace:
#0 /var/www/html/wp-content/plugins/ti-woocommerce-wishlist/public/addtowishlist.class.php(1058): DiDom\Document->__construct()
#1 /var/www/html/wp-includes/class-wp-hook.php(324): TInvWL_Public_AddToWishlist->htmloutput_block()
#2 /var/www/html/wp-includes/plugin.php(205): WP_Hook->apply_filters()
#3 /var/www/html/wp-content/plugins/woocommerce/src/Blocks/BlockTypes/AbstractProductGrid.php(513): apply_filters()
#4 [internal function]: Automattic\WooCommerce\Blocks\BlockTypes\AbstractProductGrid->render_product()
#5 /var/www/html/wp-content/plugins/woocommerce/src/Blocks/BlockTypes/AbstractProductGrid.php(131): array_map()
#6 /var/www/html/wp-content/plugins/woocommerce/src/Blocks/BlockTypes/AbstractBlock.php(88): Automattic\WooCommerce\Blocks\BlockTypes\AbstractProductGrid->render()
#7 /var/www/html/wp-includes/class-wp-block.php(258): Automattic\WooCommerce\Blocks\BlockTypes\AbstractBlock->render_callback()
#8 /var/www/html/wp-includes/class-wp-block.php(244): WP_Block->render()
#9 /var/www/html/wp-includes/class-wp-block.php(244): WP_Block->render()
#10 /var/www/html/wp-includes/blocks.php(1484): WP_Block->render()
#11 /var/www/html/wp-includes/blocks.php(1522): render_block()
#12 /var/www/html/wp-includes/class-wp-hook.php(324): do_blocks()
#13 /var/www/html/wp-includes/plugin.php(205): WP_Hook->apply_filters()
#14 /var/www/html/wp-includes/post-template.php(256): apply_filters()
#15 /var/www/html/wp-content/themes/woostify/inc/woostify-template-functions.php(985): the_content()
#16 /var/www/html/wp-includes/class-wp-hook.php(324): woostify_page_content()
#17 /var/www/html/wp-includes/class-wp-hook.php(348): WP_Hook->apply_filters()
#18 /var/www/html/wp-includes/plugin.php(517): WP_Hook->do_action()
#19 /var/www/html/wp-content/themes/woostify/template-parts/content-page.php(17): do_action()
#20 /var/www/html/wp-includes/template.php(792): require('...')
#21 /var/www/html/wp-includes/template.php(725): load_template()
#22 /var/www/html/wp-includes/general-template.php(206): locate_template()
#23 /var/www/html/wp-content/themes/woostify/page.php(29): get_template_part()
#24 /var/www/html/wp-includes/template-loader.php(106): include('...')
#25 /var/www/html/wp-blog-header.php(19): require_once('...')
#26 /var/www/html/index.php(17): require('...')
#27 {main}
  thrown in /var/www/html/wp-content/plugins/ti-woocommerce-wishlist/vendor/imangazaliev/didom/src/DiDom/Document.php on line 72

2024-02-05T23:53:10+00:00 CRITICAL Uncaught Error: Class "DOMDocument" not found in /var/www/html/wp-content/plugins/ti-woocommerce-wishlist/vendor/imangazaliev/didom/src/DiDom/Document.php:72
Stack trace:
#0 /var/www/html/wp-content/plugins/ti-woocommerce-wishlist/public/addtowishlist.class.php(1058): DiDom\Document->__construct()
#1 /var/www/html/wp-includes/class-wp-hook.php(324): TInvWL_Public_AddToWishlist->htmloutput_block()
#2 /var/www/html/wp-includes/plugin.php(205): WP_Hook->apply_filters()
#3 /var/www/html/wp-content/plugins/woocommerce/src/Blocks/BlockTypes/AbstractProductGrid.php(513): apply_filters()
#4 [internal function]: Automattic\WooCommerce\Blocks\BlockTypes\AbstractProductGrid->render_product()
#5 /var/www/html/wp-content/plugins/woocommerce/src/Blocks/BlockTypes/AbstractProductGrid.php(131): array_map()
#6 /var/www/html/wp-content/plugins/woocommerce/src/Blocks/BlockTypes/AbstractBlock.php(88): Automattic\WooCommerce\Blocks\BlockTypes\AbstractProductGrid->render()
#7 /var/www/html/wp-includes/class-wp-block.php(258): Automattic\WooCommerce\Blocks\BlockTypes\AbstractBlock->render_callback()
#8 /var/www/html/wp-includes/class-wp-block.php(244): WP_Block->render()
#9 /var/www/html/wp-includes/class-wp-block.php(244): WP_Block->render()
#10 /var/www/html/wp-includes/blocks.php(1484): WP_Block->render()
#11 /var/www/html/wp-includes/blocks.php(1522): render_block()
#12 /var/www/html/wp-includes/class-wp-hook.php(324): do_blocks()
#13 /var/www/html/wp-includes/plugin.php(205): WP_Hook->apply_filters()
#14 /var/www/html/wp-includes/post-template.php(256): apply_filters()
#15 /var/www/html/wp-content/themes/woostify/inc/woostify-template-functions.php(985): the_content()
#16 /var/www/html/wp-includes/class-wp-hook.php(324): woostify_page_content()
#17 /var/www/html/wp-includes/class-wp-hook.php(348): WP_Hook->apply_filters()
#18 /var/www/html/wp-includes/plugin.php(517): WP_Hook->do_action()
#19 /var/www/html/wp-content/themes/woostify/template-parts/content-page.php(17): do_action()
#20 /var/www/html/wp-includes/template.php(792): require('...')
#21 /var/www/html/wp-includes/template.php(725): load_template()
#22 /var/www/html/wp-includes/general-template.php(206): locate_template()
#23 /var/www/html/wp-content/themes/woostify/page.php(29): get_template_part()
#24 /var/www/html/wp-includes/template-loader.php(106): include('...')
#25 /var/www/html/wp-blog-header.php(19): require_once('...')
#26 /var/www/html/index.php(17): require('...')
#27 {main}
  thrown in /var/www/html/wp-content/plugins/ti-woocommerce-wishlist/vendor/imangazaliev/didom/src/DiDom/Document.php on line 72

2024-02-05T23:54:31+00:00 CRITICAL Uncaught Error: Class "DOMDocument" not found in /var/www/html/wp-content/plugins/ti-woocommerce-wishlist/vendor/imangazaliev/didom/src/DiDom/Document.php:72
Stack trace:
#0 /var/www/html/wp-content/plugins/ti-woocommerce-wishlist/public/addtowishlist.class.php(1058): DiDom\Document->__construct()
#1 /var/www/html/wp-includes/class-wp-hook.php(324): TInvWL_Public_AddToWishlist->htmloutput_block()
#2 /var/www/html/wp-includes/plugin.php(205): WP_Hook->apply_filters()
#3 /var/www/html/wp-content/plugins/woocommerce/src/Blocks/BlockTypes/AbstractProductGrid.php(513): apply_filters()
#4 [internal function]: Automattic\WooCommerce\Blocks\BlockTypes\AbstractProductGrid->render_product()
#5 /var/www/html/wp-content/plugins/woocommerce/src/Blocks/BlockTypes/AbstractProductGrid.php(131): array_map()
#6 /var/www/html/wp-content/plugins/woocommerce/src/Blocks/BlockTypes/AbstractBlock.php(88): Automattic\WooCommerce\Blocks\BlockTypes\AbstractProductGrid->render()
#7 /var/www/html/wp-includes/class-wp-block.php(258): Automattic\WooCommerce\Blocks\BlockTypes\AbstractBlock->render_callback()
#8 /var/www/html/wp-includes/class-wp-block.php(244): WP_Block->render()
#9 /var/www/html/wp-includes/class-wp-block.php(244): WP_Block->render()
#10 /var/www/html/wp-includes/blocks.php(1484): WP_Block->render()
#11 /var/www/html/wp-includes/blocks.php(1522): render_block()
#12 /var/www/html/wp-includes/class-wp-hook.php(324): do_blocks()
#13 /var/www/html/wp-includes/plugin.php(205): WP_Hook->apply_filters()
#14 /var/www/html/wp-includes/post-template.php(256): apply_filters()
#15 /var/www/html/wp-content/themes/woostify/inc/woostify-template-functions.php(985): the_content()
#16 /var/www/html/wp-includes/class-wp-hook.php(324): woostify_page_content()
#17 /var/www/html/wp-includes/class-wp-hook.php(348): WP_Hook->apply_filters()
#18 /var/www/html/wp-includes/plugin.php(517): WP_Hook->do_action()
#19 /var/www/html/wp-content/themes/woostify/template-parts/content-page.php(17): do_action()
#20 /var/www/html/wp-includes/template.php(792): require('...')
#21 /var/www/html/wp-includes/template.php(725): load_template()
#22 /var/www/html/wp-includes/general-template.php(206): locate_template()
#23 /var/www/html/wp-content/themes/woostify/page.php(29): get_template_part()
#24 /var/www/html/wp-includes/template-loader.php(106): include('...')
#25 /var/www/html/wp-blog-header.php(19): require_once('...')
#26 /var/www/html/index.php(17): require('...')
#27 {main}
  thrown in /var/www/html/wp-content/plugins/ti-woocommerce-wishlist/vendor/imangazaliev/didom/src/DiDom/Document.php on line 72

2024-02-05T23:54:32+00:00 CRITICAL Uncaught Error: Class "DOMDocument" not found in /var/www/html/wp-content/plugins/ti-woocommerce-wishlist/vendor/imangazaliev/didom/src/DiDom/Document.php:72
Stack trace:
#0 /var/www/html/wp-content/plugins/ti-woocommerce-wishlist/public/addtowishlist.class.php(1058): DiDom\Document->__construct()
#1 /var/www/html/wp-includes/class-wp-hook.php(324): TInvWL_Public_AddToWishlist->htmloutput_block()
#2 /var/www/html/wp-includes/plugin.php(205): WP_Hook->apply_filters()
#3 /var/www/html/wp-content/plugins/woocommerce/src/Blocks/BlockTypes/AbstractProductGrid.php(513): apply_filters()
#4 [internal function]: Automattic\WooCommerce\Blocks\BlockTypes\AbstractProductGrid->render_product()
#5 /var/www/html/wp-content/plugins/woocommerce/src/Blocks/BlockTypes/AbstractProductGrid.php(131): array_map()
#6 /var/www/html/wp-content/plugins/woocommerce/src/Blocks/BlockTypes/AbstractBlock.php(88): Automattic\WooCommerce\Blocks\BlockTypes\AbstractProductGrid->render()
#7 /var/www/html/wp-includes/class-wp-block.php(258): Automattic\WooCommerce\Blocks\BlockTypes\AbstractBlock->render_callback()
#8 /var/www/html/wp-includes/class-wp-block.php(244): WP_Block->render()
#9 /var/www/html/wp-includes/class-wp-block.php(244): WP_Block->render()
#10 /var/www/html/wp-includes/blocks.php(1484): WP_Block->render()
#11 /var/www/html/wp-includes/blocks.php(1522): render_block()
#12 /var/www/html/wp-includes/class-wp-hook.php(324): do_blocks()
#13 /var/www/html/wp-includes/plugin.php(205): WP_Hook->apply_filters()
#14 /var/www/html/wp-includes/post-template.php(256): apply_filters()
#15 /var/www/html/wp-content/themes/woostify/inc/woostify-template-functions.php(985): the_content()
#16 /var/www/html/wp-includes/class-wp-hook.php(324): woostify_page_content()
#17 /var/www/html/wp-includes/class-wp-hook.php(348): WP_Hook->apply_filters()
#18 /var/www/html/wp-includes/plugin.php(517): WP_Hook->do_action()
#19 /var/www/html/wp-content/themes/woostify/template-parts/content-page.php(17): do_action()
#20 /var/www/html/wp-includes/template.php(792): require('...')
#21 /var/www/html/wp-includes/template.php(725): load_template()
#22 /var/www/html/wp-includes/general-template.php(206): locate_template()
#23 /var/www/html/wp-content/themes/woostify/page.php(29): get_template_part()
#24 /var/www/html/wp-includes/template-loader.php(106): include('...')
#25 /var/www/html/wp-blog-header.php(19): require_once('...')
#26 /var/www/html/index.php(17): require('...')
#27 {main}
  thrown in /var/www/html/wp-content/plugins/ti-woocommerce-wishlist/vendor/imangazaliev/didom/src/DiDom/Document.php on line 72

2024-02-05T23:56:03+00:00 CRITICAL Uncaught Error: Class "DOMDocument" not found in /var/www/html/wp-content/plugins/ti-woocommerce-wishlist/vendor/imangazaliev/didom/src/DiDom/Document.php:72
Stack trace:
#0 /var/www/html/wp-content/plugins/ti-woocommerce-wishlist/public/addtowishlist.class.php(1058): DiDom\Document->__construct()
#1 /var/www/html/wp-includes/class-wp-hook.php(324): TInvWL_Public_AddToWishlist->htmloutput_block()
#2 /var/www/html/wp-includes/plugin.php(205): WP_Hook->apply_filters()
#3 /var/www/html/wp-content/plugins/woocommerce/src/Blocks/BlockTypes/AbstractProductGrid.php(513): apply_filters()
#4 [internal function]: Automattic\WooCommerce\Blocks\BlockTypes\AbstractProductGrid->render_product()
#5 /var/www/html/wp-content/plugins/woocommerce/src/Blocks/BlockTypes/AbstractProductGrid.php(131): array_map()
#6 /var/www/html/wp-content/plugins/woocommerce/src/Blocks/BlockTypes/AbstractBlock.php(88): Automattic\WooCommerce\Blocks\BlockTypes\AbstractProductGrid->render()
#7 /var/www/html/wp-includes/class-wp-block.php(258): Automattic\WooCommerce\Blocks\BlockTypes\AbstractBlock->render_callback()
#8 /var/www/html/wp-includes/class-wp-block.php(244): WP_Block->render()
#9 /var/www/html/wp-includes/class-wp-block.php(244): WP_Block->render()
#10 /var/www/html/wp-includes/blocks.php(1484): WP_Block->render()
#11 /var/www/html/wp-includes/blocks.php(1522): render_block()
#12 /var/www/html/wp-includes/class-wp-hook.php(324): do_blocks()
#13 /var/www/html/wp-includes/plugin.php(205): WP_Hook->apply_filters()
#14 /var/www/html/wp-includes/post-template.php(256): apply_filters()
#15 /var/www/html/wp-content/themes/woostify/inc/woostify-template-functions.php(985): the_content()
#16 /var/www/html/wp-includes/class-wp-hook.php(324): woostify_page_content()
#17 /var/www/html/wp-includes/class-wp-hook.php(348): WP_Hook->apply_filters()
#18 /var/www/html/wp-includes/plugin.php(517): WP_Hook->do_action()
#19 /var/www/html/wp-content/themes/woostify/template-parts/content-page.php(17): do_action()
#20 /var/www/html/wp-includes/template.php(792): require('...')
#21 /var/www/html/wp-includes/template.php(725): load_template()
#22 /var/www/html/wp-includes/general-template.php(206): locate_template()
#23 /var/www/html/wp-content/themes/woostify/page.php(29): get_template_part()
#24 /var/www/html/wp-includes/template-loader.php(106): include('...')
#25 /var/www/html/wp-blog-header.php(19): require_once('...')
#26 /var/www/html/index.php(17): require('...')
#27 {main}
  thrown in /var/www/html/wp-content/plugins/ti-woocommerce-wishlist/vendor/imangazaliev/didom/src/DiDom/Document.php on line 72

2024-02-05T23:59:05+00:00 CRITICAL Uncaught Error: Class "DOMDocument" not found in /var/www/html/wp-content/plugins/ti-woocommerce-wishlist/vendor/imangazaliev/didom/src/DiDom/Document.php:72
Stack trace:
#0 /var/www/html/wp-content/plugins/ti-woocommerce-wishlist/public/addtowishlist.class.php(1058): DiDom\Document->__construct()
#1 /var/www/html/wp-includes/class-wp-hook.php(324): TInvWL_Public_AddToWishlist->htmloutput_block()
#2 /var/www/html/wp-includes/plugin.php(205): WP_Hook->apply_filters()
#3 /var/www/html/wp-content/plugins/woocommerce/src/Blocks/BlockTypes/AbstractProductGrid.php(513): apply_filters()
#4 [internal function]: Automattic\WooCommerce\Blocks\BlockTypes\AbstractProductGrid->render_product()
#5 /var/www/html/wp-content/plugins/woocommerce/src/Blocks/BlockTypes/AbstractProductGrid.php(131): array_map()
#6 /var/www/html/wp-content/plugins/woocommerce/src/Blocks/BlockTypes/AbstractBlock.php(88): Automattic\WooCommerce\Blocks\BlockTypes\AbstractProductGrid->render()
#7 /var/www/html/wp-includes/class-wp-block.php(258): Automattic\WooCommerce\Blocks\BlockTypes\AbstractBlock->render_callback()
#8 /var/www/html/wp-includes/class-wp-block.php(244): WP_Block->render()
#9 /var/www/html/wp-includes/class-wp-block.php(244): WP_Block->render()
#10 /var/www/html/wp-includes/blocks.php(1484): WP_Block->render()
#11 /var/www/html/wp-includes/blocks.php(1522): render_block()
#12 /var/www/html/wp-includes/class-wp-hook.php(324): do_blocks()
#13 /var/www/html/wp-includes/plugin.php(205): WP_Hook->apply_filters()
#14 /var/www/html/wp-includes/post-template.php(256): apply_filters()
#15 /var/www/html/wp-content/themes/woostify/inc/woostify-template-functions.php(985): the_content()
#16 /var/www/html/wp-includes/class-wp-hook.php(324): woostify_page_content()
#17 /var/www/html/wp-includes/class-wp-hook.php(348): WP_Hook->apply_filters()
#18 /var/www/html/wp-includes/plugin.php(517): WP_Hook->do_action()
#19 /var/www/html/wp-content/themes/woostify/template-parts/content-page.php(17): do_action()
#20 /var/www/html/wp-includes/template.php(792): require('...')
#21 /var/www/html/wp-includes/template.php(725): load_template()
#22 /var/www/html/wp-includes/general-template.php(206): locate_template()
#23 /var/www/html/wp-content/themes/woostify/page.php(29): get_template_part()
#24 /var/www/html/wp-includes/template-loader.php(106): include('...')
#25 /var/www/html/wp-blog-header.php(19): require_once('...')
#26 /var/www/html/index.php(17): require('...')
#27 {main}
  thrown in /var/www/html/wp-content/plugins/ti-woocommerce-wishlist/vendor/imangazaliev/didom/src/DiDom/Document.php on line 72

